# JRE version: OpenJDK Runtime Environment (17.0.6) (build 17.0.6+0-b2043.56-9586694)
# Java VM: OpenJDK 64-Bit Server VM (17.0.6+0-b2043.56-9586694, mixed mode, tiered, compressed oops, compressed class ptrs, g1 gc, windows-amd64)
GC Precious Log:
 CPUs: 4 total, 4 available
 Memory: 3919M
 Large Page Support: Disabled
 NUMA Support: Disabled
 Compressed Oops: Enabled (32-bit)
 Heap Region Size: 1M
 Heap Min Capacity: 8M
 Heap Initial Capacity: 62M
 Heap Max Capacity: 2G
 Pre-touch: Disabled
 Parallel Workers: 4
 Concurrent Workers: 1
 Concurrent Refinement Workers: 4
 Periodic GC: Disabled
Heap:
 garbage-first heap   total 358400K, used 201832K [0x0000000080000000, 0x0000000100000000)
  region size 1024K, 3 young (3072K), 1 survivors (1024K)
 Metaspace       used 124526K, committed 125696K, reserved 1163264K
  class space    used 16146K, committed 16640K, reserved 1048576K
GC Heap History (20 events):
Event: 67.728 GC heap before
{Heap before GC invocations=66 (full 0):
 garbage-first heap   total 358400K, used 292587K [0x0000000080000000, 0x0000000100000000)
  region size 1024K, 115 young (117760K), 2 survivors (2048K)
 Metaspace       used 105189K, committed 105984K, reserved 1146880K
  class space    used 13933K, committed 14272K, reserved 1048576K
}
Event: 67.763 GC heap after
{Heap after GC invocations=67 (full 0):
 garbage-first heap   total 358400K, used 181979K [0x0000000080000000, 0x0000000100000000)
  region size 1024K, 6 young (6144K), 6 survivors (6144K)
 Metaspace       used 105189K, committed 105984K, reserved 1146880K
  class space    used 13933K, committed 14272K, reserved 1048576K
}
Event: 68.852 GC heap before
{Heap before GC invocations=67 (full 0):
 garbage-first heap   total 358400K, used 295643K [0x0000000080000000, 0x0000000100000000)
  region size 1024K, 117 young (119808K), 6 survivors (6144K)
 Metaspace       used 105210K, committed 105984K, reserved 1146880K
  class space    used 13934K, committed 14272K, reserved 1048576K
}
Event: 68.860 GC heap after
{Heap after GC invocations=68 (full 0):
 garbage-first heap   total 358400K, used 182507K [0x0000000080000000, 0x0000000100000000)
  region size 1024K, 6 young (6144K), 6 survivors (6144K)
 Metaspace       used 105210K, committed 105984K, reserved 1146880K
  class space    used 13934K, committed 14272K, reserved 1048576K
}
Event: 87.892 GC heap before
{Heap before GC invocations=68 (full 0):
 garbage-first heap   total 358400K, used 298219K [0x0000000080000000, 0x0000000100000000)
  region size 1024K, 120 young (122880K), 6 survivors (6144K)
 Metaspace       used 112861K, committed 113600K, reserved 1155072K
  class space    used 14924K, committed 15232K, reserved 1048576K
}
Event: 87.975 GC heap after
{Heap after GC invocations=69 (full 0):
 garbage-first heap   total 358400K, used 181406K [0x0000000080000000, 0x0000000100000000)
  region size 1024K, 7 young (7168K), 7 survivors (7168K)
 Metaspace       used 112861K, committed 113600K, reserved 1155072K
  class space    used 14924K, committed 15232K, reserved 1048576K
}
Event: 99.786 GC heap before
{Heap before GC invocations=70 (full 0):
 garbage-first heap   total 358400K, used 298142K [0x0000000080000000, 0x0000000100000000)
  region size 1024K, 122 young (124928K), 7 survivors (7168K)
 Metaspace       used 114820K, committed 115648K, reserved 1155072K
  class space    used 15104K, committed 15488K, reserved 1048576K
}
Event: 99.907 GC heap after
{Heap after GC invocations=71 (full 0):
 garbage-first heap   total 358400K, used 186655K [0x0000000080000000, 0x0000000100000000)
  region size 1024K, 12 young (12288K), 12 survivors (12288K)
 Metaspace       used 114820K, committed 115648K, reserved 1155072K
  class space    used 15104K, committed 15488K, reserved 1048576K
}
Event: 103.828 GC heap before
{Heap before GC invocations=71 (full 0):
 garbage-first heap   total 358400K, used 190751K [0x0000000080000000, 0x0000000100000000)
  region size 1024K, 17 young (17408K), 12 survivors (12288K)
 Metaspace       used 114862K, committed 115648K, reserved 1155072K
  class space    used 15104K, committed 15488K, reserved 1048576K
}
Event: 103.975 GC heap after
{Heap after GC invocations=72 (full 0):
 garbage-first heap   total 358400K, used 186161K [0x0000000080000000, 0x0000000100000000)
  region size 1024K, 2 young (2048K), 2 survivors (2048K)
 Metaspace       used 114862K, committed 115648K, reserved 1155072K
  class space    used 15104K, committed 15488K, reserved 1048576K
}
Event: 2844.564 GC heap before
{Heap before GC invocations=72 (full 0):
 garbage-first heap   total 358400K, used 300849K [0x0000000080000000, 0x0000000100000000)
  region size 1024K, 115 young (117760K), 2 survivors (2048K)
 Metaspace       used 121560K, committed 122432K, reserved 1155072K
  class space    used 15789K, committed 16192K, reserved 1048576K
}
Event: 2844.935 GC heap after
{Heap after GC invocations=73 (full 0):
 garbage-first heap   total 358400K, used 188014K [0x0000000080000000, 0x0000000100000000)
  region size 1024K, 4 young (4096K), 4 survivors (4096K)
 Metaspace       used 121560K, committed 122432K, reserved 1155072K
  class space    used 15789K, committed 16192K, reserved 1048576K
}
Event: 7527.340 GC heap before
{Heap before GC invocations=73 (full 0):
 garbage-first heap   total 358400K, used 279150K [0x0000000080000000, 0x0000000100000000)
  region size 1024K, 93 young (95232K), 4 survivors (4096K)
 Metaspace       used 121624K, committed 122496K, reserved 1155072K
  class space    used 15796K, committed 16192K, reserved 1048576K
}
Event: 7527.505 GC heap after
{Heap after GC invocations=74 (full 0):
 garbage-first heap   total 358400K, used 187542K [0x0000000080000000, 0x0000000100000000)
  region size 1024K, 4 young (4096K), 4 survivors (4096K)
 Metaspace       used 121624K, committed 122496K, reserved 1155072K
  class space    used 15796K, committed 16192K, reserved 1048576K
}
Event: 7544.056 GC heap before
{Heap before GC invocations=74 (full 0):
 garbage-first heap   total 358400K, used 297110K [0x0000000080000000, 0x0000000100000000)
  region size 1024K, 112 young (114688K), 4 survivors (4096K)
 Metaspace       used 124640K, committed 125568K, reserved 1163264K
  class space    used 16213K, committed 16640K, reserved 1048576K
}
Event: 7546.890 GC heap after
{Heap after GC invocations=75 (full 0):
 garbage-first heap   total 358400K, used 200704K [0x0000000080000000, 0x0000000100000000)
  region size 1024K, 14 young (14336K), 14 survivors (14336K)
 Metaspace       used 124640K, committed 125568K, reserved 1163264K
  class space    used 16213K, committed 16640K, reserved 1048576K
}
Event: 7549.121 GC heap before
{Heap before GC invocations=75 (full 0):
 garbage-first heap   total 358400K, used 203776K [0x0000000080000000, 0x0000000100000000)
  region size 1024K, 17 young (17408K), 14 survivors (14336K)
 Metaspace       used 124643K, committed 125568K, reserved 1163264K
  class space    used 16213K, committed 16640K, reserved 1048576K
}
Event: 7549.243 GC heap after
{Heap after GC invocations=76 (full 0):
 garbage-first heap   total 358400K, used 202856K [0x0000000080000000, 0x0000000100000000)
  region size 1024K, 2 young (2048K), 2 survivors (2048K)
 Metaspace       used 124643K, committed 125568K, reserved 1163264K
  class space    used 16213K, committed 16640K, reserved 1048576K
}
Event: 7557.690 GC heap before
{Heap before GC invocations=77 (full 0):
 garbage-first heap   total 358400K, used 217192K [0x0000000080000000, 0x0000000100000000)
  region size 1024K, 17 young (17408K), 2 survivors (2048K)
 Metaspace       used 124510K, committed 125696K, reserved 1163264K
  class space    used 16143K, committed 16640K, reserved 1048576K
}
Event: 7557.734 GC heap after
{Heap after GC invocations=78 (full 0):
 garbage-first heap   total 358400K, used 201832K [0x0000000080000000, 0x0000000100000000)
  region size 1024K, 1 young (1024K), 1 survivors (1024K)
 Metaspace       used 124510K, committed 125696K, reserved 1163264K
  class space    used 16143K, committed 16640K, reserved 1048576K
}

